<?xml version="1.0" encoding="UTF-8"?>
<!-- Generated by org.testng.reporters.JUnitReportReporter -->
<testsuite skipped="0" hostname="nkp-PC" name="com.qa.testcases.LoginPageTest" tests="3" failures="0" timestamp="24 Jan 2018 17:05:08 GMT" time="36.560" errors="0">
  <testcase name="loginPageTitleTest" time="9.846" classname="com.qa.testcases.LoginPageTest"/>
  <testcase name="crmLogoImageTest" time="9.589" classname="com.qa.testcases.LoginPageTest"/>
  <testcase name="loginTest" time="17.125" classname="com.qa.testcases.LoginPageTest"/>
</testsuite> <!-- com.qa.testcases.LoginPageTest -->
