<?xml version="1.0" encoding="UTF-8"?>
<!-- Generated by org.testng.reporters.JUnitReportReporter -->
<testsuite hostname="D1ML00123M.local" failures="0" tests="7" name="com.qa.testcases.HomePageTest" time="1.597" errors="1" timestamp="10 Mar 2018 17:20:43 GMT" skipped="6">
  <testcase classname="com.qa.testcases.HomePageTest" name="setUp" time="1.597">
    <error type="java.lang.NullPointerException">
      <![CDATA[java.lang.NullPointerException
	at org.openqa.selenium.support.events.EventFiringWebDriver.extractInterfaces(EventFiringWebDriver.java:121)
	at org.openqa.selenium.support.events.EventFiringWebDriver.<init>(EventFiringWebDriver.java:93)
	at com.qa.base.TestBase.initialize(TestBase.java:27)
	at com.qa.testcases.HomePageTest.setUp(HomePageTest.java:25)
	at java.base/jdk.internal.reflect.NativeMethodAccessorImpl.invoke0(Native Method)
	at java.base/jdk.internal.reflect.NativeMethodAccessorImpl.invoke(NativeMethodAccessorImpl.java:62)
	at java.base/jdk.internal.reflect.DelegatingMethodAccessorImpl.invoke(DelegatingMethodAccessorImpl.java:43)
	at java.base/java.lang.reflect.Method.invoke(Method.java:564)
	at org.testng.internal.MethodInvocationHelper.invokeMethod(MethodInvocationHelper.java:108)
	at org.testng.internal.Invoker.invokeConfigurationMethod(Invoker.java:523)
	at org.testng.internal.Invoker.invokeConfigurations(Invoker.java:224)
	at org.testng.internal.Invoker.invokeMethod(Invoker.java:599)
	at org.testng.internal.Invoker.invokeTestMethod(Invoker.java:869)
	at org.testng.internal.Invoker.invokeTestMethods(Invoker.java:1193)
	at org.testng.internal.TestMethodWorker.invokeTestMethods(TestMethodWorker.java:126)
	at org.testng.internal.TestMethodWorker.run(TestMethodWorker.java:109)
	at org.testng.TestRunner.privateRun(TestRunner.java:744)
	at org.testng.TestRunner.run(TestRunner.java:602)
	at org.testng.SuiteRunner.runTest(SuiteRunner.java:380)
	at org.testng.SuiteRunner.runSequentially(SuiteRunner.java:375)
	at org.testng.SuiteRunner.privateRun(SuiteRunner.java:340)
	at org.testng.SuiteRunner.run(SuiteRunner.java:289)
	at org.testng.SuiteRunnerWorker.runSuite(SuiteRunnerWorker.java:52)
	at org.testng.SuiteRunnerWorker.run(SuiteRunnerWorker.java:86)
	at org.testng.TestNG.runSuitesSequentially(TestNG.java:1301)
	at org.testng.TestNG.runSuitesLocally(TestNG.java:1226)
	at org.testng.TestNG.runSuites(TestNG.java:1144)
	at org.testng.TestNG.run(TestNG.java:1115)
	at org.testng.remote.AbstractRemoteTestNG.run(AbstractRemoteTestNG.java:114)
	at org.testng.remote.RemoteTestNG.initAndRun(RemoteTestNG.java:251)
	at org.testng.remote.RemoteTestNG.main(RemoteTestNG.java:77)
]]>
    </error>
  </testcase> <!-- setUp -->
  <testcase classname="com.qa.testcases.HomePageTest" name="verifyCorrectUserNameTest" time="0.000">
    <skipped/>
  </testcase> <!-- verifyCorrectUserNameTest -->
  <testcase classname="com.qa.testcases.HomePageTest" name="clickOnContactsLinkTest" time="0.000">
    <skipped/>
  </testcase> <!-- clickOnContactsLinkTest -->
  <testcase classname="com.qa.testcases.HomePageTest" name="clickOnDealsLinkTest" time="0.000">
    <skipped/>
  </testcase> <!-- clickOnDealsLinkTest -->
  <testcase classname="com.qa.testcases.HomePageTest" name="clickOnTasksLinkTest" time="0.000">
    <skipped/>
  </testcase> <!-- clickOnTasksLinkTest -->
  <testcase classname="com.qa.testcases.HomePageTest" name="selectSpecificDateTest" time="0.000">
    <skipped/>
  </testcase> <!-- selectSpecificDateTest -->
  <testcase classname="com.qa.testcases.HomePageTest" name="homePageTitleTest">
    <skipped/>
  </testcase> <!-- homePageTitleTest -->
</testsuite> <!-- com.qa.testcases.HomePageTest -->
