<?xml version="1.0" encoding="UTF-8"?>
<!-- Generated by org.testng.reporters.JUnitReportReporter -->
<testsuite skipped="1" hostname="nkp-PC" name="com.qa.testcases.HomePageTest" tests="5" failures="0" timestamp="24 Jan 2018 17:05:08 GMT" time="74.522" errors="0">
  <testcase name="verifyCorrectUserNameTest" time="16.203" classname="com.qa.testcases.HomePageTest"/>
  <testcase name="clickOnContactsLinkTest" time="20.156" classname="com.qa.testcases.HomePageTest"/>
  <testcase name="clickOnDealsLinkTest" time="21.149" classname="com.qa.testcases.HomePageTest"/>
  <testcase name="clickOnTasksLinkTest" time="17.014" classname="com.qa.testcases.HomePageTest"/>
  <testcase name="homePageTitleTest" classname="com.qa.testcases.HomePageTest">
    <skipped/>
  </testcase> <!-- homePageTitleTest -->
</testsuite> <!-- com.qa.testcases.HomePageTest -->
