<?xml version="1.0" encoding="UTF-8"?>
<!-- Generated by org.testng.reporters.JUnitReportReporter -->
<testsuite skipped="0" hostname="nkp-PC" name="com.qa.testcases.LoginPageTest" tests="1" failures="0" timestamp="20 Feb 2018 17:40:17 GMT" time="10.730" errors="0">
  <testcase name="loginPageTitleTest" time="10.730" classname="com.qa.testcases.LoginPageTest"/>
</testsuite> <!-- com.qa.testcases.LoginPageTest -->
