<?xml version="1.0" encoding="UTF-8"?>
<!-- Generated by org.testng.reporters.JUnitReportReporter -->
<testsuite skipped="0" hostname="nkp-PC" name="com.qa.testcases.ContactsPageTest" tests="3" failures="0" timestamp="22 Jan 2018 21:56:02 GMT" time="68.088" errors="0">
  <testcase name="validateCreateNewContact" time="23.684" classname="com.qa.testcases.ContactsPageTest"/>
  <testcase name="validateCreateNewContact" time="21.502" classname="com.qa.testcases.ContactsPageTest"/>
  <testcase name="validateCreateNewContact" time="22.902" classname="com.qa.testcases.ContactsPageTest"/>
</testsuite> <!-- com.qa.testcases.ContactsPageTest -->
