<?xml version="1.0" encoding="UTF-8"?>
<!-- Generated by org.testng.reporters.JUnitReportReporter -->
<testsuite skipped="0" hostname="nkp-PC" name="com.qa.testcases.HomePageTest" tests="1" failures="0" timestamp="08 Mar 2018 14:00:28 GMT" time="27.152" errors="0">
  <testcase name="homePageTitleTest" time="27.152" classname="com.qa.testcases.HomePageTest"/>
</testsuite> <!-- com.qa.testcases.HomePageTest -->
