<?xml version="1.0" encoding="UTF-8"?>
<!-- Generated by org.testng.reporters.JUnitReportReporter -->
<testsuite skipped="0" hostname="nkp-PC" name="com.qa.testcases.LoginPageTest" tests="1" failures="0" timestamp="26 Jan 2018 22:15:45 GMT" time="11.464" errors="0">
  <testcase name="loginPageTitleTest" time="11.464" classname="com.qa.testcases.LoginPageTest"/>
</testsuite> <!-- com.qa.testcases.LoginPageTest -->
