<?xml version="1.0" encoding="UTF-8"?>
<!-- Generated by org.testng.reporters.JUnitReportReporter -->
<testsuite skipped="1" hostname="nkp-PC" name="com.qa.testcases.HomePageTest" tests="2" failures="0" timestamp="22 Feb 2018 17:38:12 GMT" time="26.689" errors="0">
  <testcase name="selectSpecificDateTest" time="26.689" classname="com.qa.testcases.HomePageTest"/>
  <testcase name="homePageTitleTest" classname="com.qa.testcases.HomePageTest">
    <skipped/>
  </testcase> <!-- homePageTitleTest -->
</testsuite> <!-- com.qa.testcases.HomePageTest -->
