<?xml version="1.0" encoding="UTF-8"?>
<!-- Generated by org.testng.reporters.JUnitReportReporter -->
<testsuite hostname="D1ML00123M.local" failures="0" tests="1" name="com.qa.testcases.LoginPageTest" time="6.987" errors="0" timestamp="10 Mar 2018 16:50:14 GMT" skipped="0">
  <testcase classname="com.qa.testcases.LoginPageTest" name="loginTest" time="6.987"/>
</testsuite> <!-- com.qa.testcases.LoginPageTest -->
