<?xml version="1.0" encoding="UTF-8"?>
<!-- Generated by org.testng.reporters.JUnitReportReporter -->
<testsuite skipped="0" hostname="nkp-PC" name="com.qa.testcases.LoginPageTest" tests="3" failures="0" timestamp="24 Jan 2018 19:22:58 GMT" time="38.669" errors="0">
  <testcase name="loginPageTitleTest" time="8.980" classname="com.qa.testcases.LoginPageTest"/>
  <testcase name="crmLogoImageTest" time="9.598" classname="com.qa.testcases.LoginPageTest"/>
  <testcase name="loginTest" time="20.091" classname="com.qa.testcases.LoginPageTest"/>
</testsuite> <!-- com.qa.testcases.LoginPageTest -->
