<?xml version="1.0" encoding="UTF-8"?>
<!-- Generated by org.testng.reporters.JUnitReportReporter -->
<testsuite skipped="1" hostname="nkp-PC" name="com.qa.testcases.HomePageTest" tests="5" failures="0" timestamp="24 Jan 2018 19:22:58 GMT" time="81.247" errors="0">
  <testcase name="verifyCorrectUserNameTest" time="17.888" classname="com.qa.testcases.HomePageTest"/>
  <testcase name="clickOnContactsLinkTest" time="19.406" classname="com.qa.testcases.HomePageTest"/>
  <testcase name="clickOnDealsLinkTest" time="22.648" classname="com.qa.testcases.HomePageTest"/>
  <testcase name="clickOnTasksLinkTest" time="21.305" classname="com.qa.testcases.HomePageTest"/>
  <testcase name="homePageTitleTest" classname="com.qa.testcases.HomePageTest">
    <skipped/>
  </testcase> <!-- homePageTitleTest -->
</testsuite> <!-- com.qa.testcases.HomePageTest -->
