<?xml version="1.0" encoding="UTF-8"?>
<!-- Generated by org.testng.reporters.JUnitReportReporter -->
<testsuite skipped="0" hostname="nkp-PC" name="com.qa.testcases.ContactsPageTest" tests="7" failures="0" timestamp="24 Jan 2018 19:22:58 GMT" time="179.787" errors="0">
  <testcase name="verifyContactsLabelTest" time="19.817" classname="com.qa.testcases.ContactsPageTest"/>
  <testcase name="selectSingleContactsTest" time="35.082" classname="com.qa.testcases.ContactsPageTest"/>
  <testcase name="selectMultipleContactsTest" time="22.176" classname="com.qa.testcases.ContactsPageTest"/>
  <testcase name="selectAllContactsTest" time="19.026" classname="com.qa.testcases.ContactsPageTest"/>
  <testcase name="validateCreateNewContact" time="26.759" classname="com.qa.testcases.ContactsPageTest"/>
  <testcase name="validateCreateNewContact" time="24.327" classname="com.qa.testcases.ContactsPageTest"/>
  <testcase name="validateCreateNewContact" time="32.600" classname="com.qa.testcases.ContactsPageTest"/>
</testsuite> <!-- com.qa.testcases.ContactsPageTest -->
